Id. usuario del trabajo: a3estudiante9
Id. del trabajo: 67908
Nombre del trabajo especificado por usuario: helloOMP
Directorio de trabajo (en el que se ejecuta el script): /home/a3estudiante9/bp0/ejer7
Cola: ac
Nodo que ejecuta este trabajo:atcgrid.ugr.es
Nº de nodos asignados al trabajo: 1
Nodos asignados al trabajo: atcgrid1
CPUs por nodo: 24

 1. Ejecución helloOMP una vez sin cambiar nº de threads (valor por defecto):

Tiempo(seg.):0.000544052	 / Tamaño Vectores:65536	
/ V1[0]+V2[0]=V3[0](0.647386+1.452199=2.099584) / 
/ V1[65535]+V2[65535]=V3[65535](0.197682+1.294175=1.491857) /
Tiempo(seg.):0.001114384	 / Tamaño Vectores:131072	
/ V1[0]+V2[0]=V3[0](0.647386+1.452199=2.099584) / 
/ V1[131071]+V2[131071]=V3[131071](0.871711+0.307680=1.179390) /
Tiempo(seg.):0.001306451	 / Tamaño Vectores:262144	
/ V1[0]+V2[0]=V3[0](0.647386+1.452199=2.099584) / 
/ V1[262143]+V2[262143]=V3[262143](0.846247+0.536038=1.382284) /
Tiempo(seg.):0.002619388	 / Tamaño Vectores:524288	
/ V1[0]+V2[0]=V3[0](0.647386+1.452199=2.099584) / 
/ V1[524287]+V2[524287]=V3[524287](1.987320+0.586393=2.573713) /
Tiempo(seg.):0.005341141	 / Tamaño Vectores:1048576	
/ V1[0]+V2[0]=V3[0](0.647386+1.452199=2.099584) / 
/ V1[1048575]+V2[1048575]=V3[1048575](0.656674+0.005022=0.661696) /
Tiempo(seg.):0.008931789	 / Tamaño Vectores:2097152	
/ V1[0]+V2[0]=V3[0](0.647386+1.452199=2.099584) / 
/ V1[2097151]+V2[2097151]=V3[2097151](0.585466+3.538404=4.123871) /
Tiempo(seg.):0.017087510	 / Tamaño Vectores:4194304	
/ V1[0]+V2[0]=V3[0](1.966781+0.198972=2.165754) / 
/ V1[4194303]+V2[4194303]=V3[4194303](2.891815+0.772810=3.664625) /
Tiempo(seg.):0.033809982	 / Tamaño Vectores:8388608	
/ V1[0]+V2[0]=V3[0](1.966781+0.198972=2.165754) / 
/ V1[8388607]+V2[8388607]=V3[8388607](0.916855+3.186376=4.103231) /
Tiempo(seg.):0.066846374	 / Tamaño Vectores:16777216	
/ V1[0]+V2[0]=V3[0](0.860470+1.302310=2.162780) / 
/ V1[16777215]+V2[16777215]=V3[16777215](0.905267+1.605728=2.510995) /
Tiempo(seg.):0.133143152	 / Tamaño Vectores:33554432	
/ V1[0]+V2[0]=V3[0](0.344864+1.389993=1.734857) / 
/ V1[33554431]+V2[33554431]=V3[33554431](3.962090+1.514464=5.476554) /
Tiempo(seg.):0.133435505	 / Tamaño Vectores:33554432	
/ V1[0]+V2[0]=V3[0](1.359033+0.446010=1.805043) / 
/ V1[33554431]+V2[33554431]=V3[33554431](1.189545+0.731788=1.921333) /
