Id. usuario del trabajo: a3estudiante9
Id. del trabajo: 65453
Nombre del trabajo especificado por usuario: helloOMP
Directorio de trabajo (en el que se ejecuta el script): /home/a3estudiante9/bp0/ejer7
Cola: ac
Nodo que ejecuta este trabajo:atcgrid.ugr.es
Nº de nodos asignados al trabajo: 1
Nodos asignados al trabajo: atcgrid1
CPUs por nodo: 24

 1. Ejecución helloOMP una vez sin cambiar nº de threads (valor por defecto):

Tiempo(seg.):0.000000170	 / Tamaño Vectores:6
/ V1[0]+V2[0]=V3[0](0.600000+0.600000=1.200000) /
/ V1[1]+V2[1]=V3[1](0.700000+0.500000=1.200000) /
/ V1[2]+V2[2]=V3[2](0.800000+0.400000=1.200000) /
/ V1[3]+V2[3]=V3[3](0.900000+0.300000=1.200000) /
/ V1[4]+V2[4]=V3[4](1.000000+0.200000=1.200000) /
/ V1[5]+V2[5]=V3[5](1.100000+0.100000=1.200000) /

 2. Ejecución helloOMP varias veces con distinto nº de threads:


  - Para 12 threads:
Tiempo(seg.):0.000000145	 / Tamaño Vectores:6
/ V1[0]+V2[0]=V3[0](0.600000+0.600000=1.200000) /
/ V1[1]+V2[1]=V3[1](0.700000+0.500000=1.200000) /
/ V1[2]+V2[2]=V3[2](0.800000+0.400000=1.200000) /
/ V1[3]+V2[3]=V3[3](0.900000+0.300000=1.200000) /
/ V1[4]+V2[4]=V3[4](1.000000+0.200000=1.200000) /
/ V1[5]+V2[5]=V3[5](1.100000+0.100000=1.200000) /

  - Para 6 threads:
Tiempo(seg.):0.000000152	 / Tamaño Vectores:6
/ V1[0]+V2[0]=V3[0](0.600000+0.600000=1.200000) /
/ V1[1]+V2[1]=V3[1](0.700000+0.500000=1.200000) /
/ V1[2]+V2[2]=V3[2](0.800000+0.400000=1.200000) /
/ V1[3]+V2[3]=V3[3](0.900000+0.300000=1.200000) /
/ V1[4]+V2[4]=V3[4](1.000000+0.200000=1.200000) /
/ V1[5]+V2[5]=V3[5](1.100000+0.100000=1.200000) /

  - Para 3 threads:
Tiempo(seg.):0.000000188	 / Tamaño Vectores:6
/ V1[0]+V2[0]=V3[0](0.600000+0.600000=1.200000) /
/ V1[1]+V2[1]=V3[1](0.700000+0.500000=1.200000) /
/ V1[2]+V2[2]=V3[2](0.800000+0.400000=1.200000) /
/ V1[3]+V2[3]=V3[3](0.900000+0.300000=1.200000) /
/ V1[4]+V2[4]=V3[4](1.000000+0.200000=1.200000) /
/ V1[5]+V2[5]=V3[5](1.100000+0.100000=1.200000) /

  - Para 1 threads:
Tiempo(seg.):0.000000150	 / Tamaño Vectores:6
/ V1[0]+V2[0]=V3[0](0.600000+0.600000=1.200000) /
/ V1[1]+V2[1]=V3[1](0.700000+0.500000=1.200000) /
/ V1[2]+V2[2]=V3[2](0.800000+0.400000=1.200000) /
/ V1[3]+V2[3]=V3[3](0.900000+0.300000=1.200000) /
/ V1[4]+V2[4]=V3[4](1.000000+0.200000=1.200000) /
/ V1[5]+V2[5]=V3[5](1.100000+0.100000=1.200000) /
