Id. usuario del trabajo: a3estudiante9
Id. del trabajo: 67897
Nombre del trabajo especificado por usuario: helloOMP
Directorio de trabajo (en el que se ejecuta el script): /home/a3estudiante9/bp0/ejer7
Cola: ac
Nodo que ejecuta este trabajo:atcgrid.ugr.es
Nº de nodos asignados al trabajo: 1
Nodos asignados al trabajo: atcgrid2
CPUs por nodo: 24

 1. Ejecución helloOMP una vez sin cambiar nº de threads (valor por defecto):

Tiempo(seg.):0.000479869	 / Tamaño Vectores:65536	
/ V1[0]+V2[0]=V3[0](1.506062+0.277043=1.783106) / 
/ V1[65535]+V2[65535]=V3[65535](0.976542+0.016241=0.992783) /
Tiempo(seg.):0.000953442	 / Tamaño Vectores:131072	
/ V1[0]+V2[0]=V3[0](1.506062+0.277043=1.783106) / 
/ V1[131071]+V2[131071]=V3[131071](1.951014+3.502029=5.453044) /
Tiempo(seg.):0.001894139	 / Tamaño Vectores:262144	
/ V1[0]+V2[0]=V3[0](1.506062+0.277043=1.783106) / 
/ V1[262143]+V2[262143]=V3[262143](0.578603+0.191681=0.770284) /
Tiempo(seg.):0.002637597	 / Tamaño Vectores:524288	
/ V1[0]+V2[0]=V3[0](1.506062+0.277043=1.783106) / 
/ V1[524287]+V2[524287]=V3[524287](1.029418+0.310223=1.339640) /
Tiempo(seg.):0.004754415	 / Tamaño Vectores:1048576	
/ V1[0]+V2[0]=V3[0](1.506062+0.277043=1.783106) / 
/ V1[1048575]+V2[1048575]=V3[1048575](0.679284+14.816596=15.495880) /
Tiempo(seg.):0.008618719	 / Tamaño Vectores:2097152	
/ V1[0]+V2[0]=V3[0](1.506062+0.277043=1.783106) / 
/ V1[2097151]+V2[2097151]=V3[2097151](1.973356+0.085751=2.059108) /
Tiempo(seg.):0.016110684	 / Tamaño Vectores:4194304	
/ V1[0]+V2[0]=V3[0](1.456019+0.365669=1.821688) / 
/ V1[4194303]+V2[4194303]=V3[4194303](2.836532+7.601283=10.437815) /
Tiempo(seg.):0.031779679	 / Tamaño Vectores:8388608	
/ V1[0]+V2[0]=V3[0](1.456019+0.365669=1.821688) / 
/ V1[8388607]+V2[8388607]=V3[8388607](0.591201+0.450427=1.041628) /
Tiempo(seg.):0.062271903	 / Tamaño Vectores:16777216	
/ V1[0]+V2[0]=V3[0](1.414725+2.935794=4.350520) / 
/ V1[16777215]+V2[16777215]=V3[16777215](1.144263+4.331095=5.475358) /
Tiempo(seg.):0.123814532	 / Tamaño Vectores:33554432	
/ V1[0]+V2[0]=V3[0](0.249367+0.799028=1.048395) / 
/ V1[33554431]+V2[33554431]=V3[33554431](10.978472+0.311150=11.289622) /
Tiempo(seg.):0.237064948	 / Tamaño Vectores:67108864	
/ V1[0]+V2[0]=V3[0](0.828776+0.790531=1.619307) / 
/ V1[67108863]+V2[67108863]=V3[67108863](0.364565+1.246742=1.611306) /
