Id. usuario del trabajo: a3estudiante9
Id. del trabajo: 67976
Nombre del trabajo especificado por usuario: helloOMP
Directorio de trabajo (en el que se ejecuta el script): /home/a3estudiante9/bp0/ejer7
Cola: ac
Nodo que ejecuta este trabajo:atcgrid.ugr.es
Nº de nodos asignados al trabajo: 1
Nodos asignados al trabajo: atcgrid1
CPUs por nodo: 24

 1. Ejecución helloOMP una vez sin cambiar nº de threads (valor por defecto):

Tiempo(seg.):0.000952392	 / Tamaño Vectores:65536	
/ V1[0]+V2[0]=V3[0](1.004948+0.119482=1.124430) / 
/ V1[65535]+V2[65535]=V3[65535](0.999328+0.865820=1.865148) /
Tiempo(seg.):0.001071261	 / Tamaño Vectores:131072	
/ V1[0]+V2[0]=V3[0](1.004948+0.119482=1.124430) / 
/ V1[131071]+V2[131071]=V3[131071](0.386892+1.668634=2.055527) /
Tiempo(seg.):0.001415927	 / Tamaño Vectores:262144	
/ V1[0]+V2[0]=V3[0](1.004948+0.119482=1.124430) / 
/ V1[262143]+V2[262143]=V3[262143](0.817843+1.340022=2.157865) /
Tiempo(seg.):0.002545317	 / Tamaño Vectores:524288	
/ V1[0]+V2[0]=V3[0](1.004948+0.119482=1.124430) / 
/ V1[524287]+V2[524287]=V3[524287](0.993748+2.066870=3.060617) /
Tiempo(seg.):0.005088213	 / Tamaño Vectores:1048576	
/ V1[0]+V2[0]=V3[0](1.004948+0.119482=1.124430) / 
/ V1[1048575]+V2[1048575]=V3[1048575](1.832503+0.103188=1.935690) /
Tiempo(seg.):0.009150431	 / Tamaño Vectores:2097152	
/ V1[0]+V2[0]=V3[0](1.004948+0.119482=1.124430) / 
/ V1[2097151]+V2[2097151]=V3[2097151](0.746426+0.020010=0.766436) /
Tiempo(seg.):0.017054193	 / Tamaño Vectores:4194304	
/ V1[0]+V2[0]=V3[0](0.878210+0.950867=1.829077) / 
/ V1[4194303]+V2[4194303]=V3[4194303](1.666557+1.844789=3.511346) /
Tiempo(seg.):0.034689517	 / Tamaño Vectores:8388608	
/ V1[0]+V2[0]=V3[0](0.878210+0.950867=1.829077) / 
/ V1[8388607]+V2[8388607]=V3[8388607](2.257239+5.320483=7.577722) /
Tiempo(seg.):0.067438751	 / Tamaño Vectores:16777216	
/ V1[0]+V2[0]=V3[0](0.871981+0.159909=1.031889) / 
/ V1[16777215]+V2[16777215]=V3[16777215](0.731451+629.439042=630.170494) /
Tiempo(seg.):0.133276744	 / Tamaño Vectores:33554432	
/ V1[0]+V2[0]=V3[0](0.093660+1.880817=1.974478) / 
/ V1[33554431]+V2[33554431]=V3[33554431](1.387921+0.796325=2.184246) /
Tiempo(seg.):0.256867082	 / Tamaño Vectores:67108864	
/ V1[0]+V2[0]=V3[0](1.412920+0.824572=2.237493) / 
/ V1[67108863]+V2[67108863]=V3[67108863](113.508079+2.526862=116.034942) /
