Id. usuario del trabajo: a3estudiante9
Id. del trabajo: 67907
Nombre del trabajo especificado por usuario: helloOMP
Directorio de trabajo (en el que se ejecuta el script): /home/a3estudiante9/bp0/ejer7
Cola: ac
Nodo que ejecuta este trabajo:atcgrid.ugr.es
Nº de nodos asignados al trabajo: 1
Nodos asignados al trabajo: atcgrid1
CPUs por nodo: 24

 1. Ejecución helloOMP una vez sin cambiar nº de threads (valor por defecto):

Tiempo(seg.):0.000954507	 / Tamaño Vectores:65536	
/ V1[0]+V2[0]=V3[0](0.568673+6.554262=7.122935) / 
/ V1[65535]+V2[65535]=V3[65535](0.294931+0.341791=0.636721) /
Tiempo(seg.):0.000690024	 / Tamaño Vectores:131072	
/ V1[0]+V2[0]=V3[0](0.568673+6.554262=7.122935) / 
/ V1[131071]+V2[131071]=V3[131071](0.594306+0.833807=1.428114) /
Tiempo(seg.):0.001392857	 / Tamaño Vectores:262144	
/ V1[0]+V2[0]=V3[0](0.568673+6.554262=7.122935) / 
/ V1[262143]+V2[262143]=V3[262143](0.109854+0.305789=0.415643) /
Tiempo(seg.):0.002320596	 / Tamaño Vectores:524288	
/ V1[0]+V2[0]=V3[0](0.568673+6.554262=7.122935) / 
/ V1[524287]+V2[524287]=V3[524287](2.678861+0.298178=2.977040) /
Tiempo(seg.):0.005037814	 / Tamaño Vectores:1048576	
/ V1[0]+V2[0]=V3[0](1.279640+0.220612=1.500252) / 
/ V1[1048575]+V2[1048575]=V3[1048575](9.238266+0.088004=9.326270) /
Tiempo(seg.):0.009159747	 / Tamaño Vectores:2097152	
/ V1[0]+V2[0]=V3[0](1.279640+0.220612=1.500252) / 
/ V1[2097151]+V2[2097151]=V3[2097151](1.040080+1.534516=2.574595) /
Tiempo(seg.):0.017480353	 / Tamaño Vectores:4194304	
/ V1[0]+V2[0]=V3[0](1.279640+0.220612=1.500252) / 
/ V1[4194303]+V2[4194303]=V3[4194303](2.057440+0.771919=2.829359) /
Tiempo(seg.):0.034162933	 / Tamaño Vectores:8388608	
/ V1[0]+V2[0]=V3[0](1.279640+0.220612=1.500252) / 
/ V1[8388607]+V2[8388607]=V3[8388607](1.014675+0.431579=1.446254) /
Tiempo(seg.):0.065985324	 / Tamaño Vectores:16777216	
/ V1[0]+V2[0]=V3[0](0.193030+0.016775=0.209805) / 
/ V1[16777215]+V2[16777215]=V3[16777215](4.737284+1.614595=6.351879) /
Tiempo(seg.):0.133714625	 / Tamaño Vectores:33554432	
/ V1[0]+V2[0]=V3[0](0.501629+3.183426=3.685054) / 
/ V1[33554431]+V2[33554431]=V3[33554431](2.224152+1.631293=3.855445) /
Tiempo(seg.):0.132967285	 / Tamaño Vectores:33554432	
/ V1[0]+V2[0]=V3[0](0.742685+1.247487=1.990172) / 
/ V1[33554431]+V2[33554431]=V3[33554431](1.543131+0.655268=2.198399) /
