Id. usuario del trabajo: a3estudiante9
Id. del trabajo: 67929
Nombre del trabajo especificado por usuario: helloOMP
Directorio de trabajo (en el que se ejecuta el script): /home/a3estudiante9/bp0/ejer7
Cola: ac
Nodo que ejecuta este trabajo:atcgrid.ugr.es
Nº de nodos asignados al trabajo: 1
Nodos asignados al trabajo: atcgrid1
CPUs por nodo: 24

 1. Ejecución helloOMP una vez sin cambiar nº de threads (valor por defecto):

Tiempo(seg.):0.000551441	 / Tamaño Vectores:65536	
/ V1[0]+V2[0]=V3[0](145.294148+0.587811=145.881959) / 
/ V1[65535]+V2[65535]=V3[65535](0.449596+1.513402=1.962998) /
\n
Tiempo(seg.):0.001120976	 / Tamaño Vectores:131072	
/ V1[0]+V2[0]=V3[0](145.294148+0.587811=145.881959) / 
/ V1[131071]+V2[131071]=V3[131071](0.268640+2.529311=2.797950) /
\n
Tiempo(seg.):0.001330355	 / Tamaño Vectores:262144	
/ V1[0]+V2[0]=V3[0](145.294148+0.587811=145.881959) / 
/ V1[262143]+V2[262143]=V3[262143](0.297499+0.055447=0.352946) /
\n
Tiempo(seg.):0.002410223	 / Tamaño Vectores:524288	
/ V1[0]+V2[0]=V3[0](145.294148+0.587811=145.881959) / 
/ V1[524287]+V2[524287]=V3[524287](1.404270+0.583792=1.988061) /
\n
Tiempo(seg.):0.005014637	 / Tamaño Vectores:1048576	
/ V1[0]+V2[0]=V3[0](145.294148+0.587811=145.881959) / 
/ V1[1048575]+V2[1048575]=V3[1048575](0.250844+2.771302=3.022146) /
\n
Tiempo(seg.):0.008833735	 / Tamaño Vectores:2097152	
/ V1[0]+V2[0]=V3[0](145.294148+0.587811=145.881959) / 
/ V1[2097151]+V2[2097151]=V3[2097151](0.565664+0.320777=0.886441) /
\n
Tiempo(seg.):0.017322568	 / Tamaño Vectores:4194304	
/ V1[0]+V2[0]=V3[0](0.302674+0.475429=0.778103) / 
/ V1[4194303]+V2[4194303]=V3[4194303](0.497230+0.090700=0.587930) /
\n
Tiempo(seg.):0.033579124	 / Tamaño Vectores:8388608	
/ V1[0]+V2[0]=V3[0](0.302674+0.475429=0.778103) / 
/ V1[8388607]+V2[8388607]=V3[8388607](2.293725+1.046239=3.339964) /
\n
Tiempo(seg.):0.067857079	 / Tamaño Vectores:16777216	
/ V1[0]+V2[0]=V3[0](0.405547+0.289149=0.694696) / 
/ V1[16777215]+V2[16777215]=V3[16777215](0.101149+2.556750=2.657899) /
\n
Tiempo(seg.):0.133192246	 / Tamaño Vectores:33554432	
/ V1[0]+V2[0]=V3[0](0.663213+0.515870=1.179082) / 
/ V1[33554431]+V2[33554431]=V3[33554431](5.462068+0.909235=6.371303) /
\n
Tiempo(seg.):0.134528505	 / Tamaño Vectores:33554432	
/ V1[0]+V2[0]=V3[0](1.245546+0.155873=1.401419) / 
/ V1[33554431]+V2[33554431]=V3[33554431](30.601402+1.090716=31.692118) /
\n
Tiempo(seg.):0.133098745	 / Tamaño Vectores:33554432	
/ V1[0]+V2[0]=V3[0](1.032581+3.163318=4.195899) / 
/ V1[33554431]+V2[33554431]=V3[33554431](0.640649+0.923506=1.564155) /
