Id. usuario del trabajo: a3estudiante9
Id. del trabajo: 67902
Nombre del trabajo especificado por usuario: helloOMP
Directorio de trabajo (en el que se ejecuta el script): /home/a3estudiante9/bp0/ejer7
Cola: ac
Nodo que ejecuta este trabajo:atcgrid.ugr.es
Nº de nodos asignados al trabajo: 1
Nodos asignados al trabajo: atcgrid1
CPUs por nodo: 24

 1. Ejecución helloOMP una vez sin cambiar nº de threads (valor por defecto):

Tiempo(seg.):0.000550052	 / Tamaño Vectores:65536	
/ V1[0]+V2[0]=V3[0](0.227604+0.465019=0.692623) / 
/ V1[65535]+V2[65535]=V3[65535](3.168537+0.862944=4.031481) /
Tiempo(seg.):0.001119632	 / Tamaño Vectores:131072	
/ V1[0]+V2[0]=V3[0](4.684402+0.895849=5.580251) / 
/ V1[131071]+V2[131071]=V3[131071](1.035958+0.943948=1.979906) /
Tiempo(seg.):0.001321977	 / Tamaño Vectores:262144	
/ V1[0]+V2[0]=V3[0](4.684402+0.895849=5.580251) / 
/ V1[262143]+V2[262143]=V3[262143](4.045016+0.656409=4.701426) /
Tiempo(seg.):0.002348643	 / Tamaño Vectores:524288	
/ V1[0]+V2[0]=V3[0](4.684402+0.895849=5.580251) / 
/ V1[524287]+V2[524287]=V3[524287](0.629047+0.618388=1.247435) /
Tiempo(seg.):0.004805877	 / Tamaño Vectores:1048576	
/ V1[0]+V2[0]=V3[0](4.684402+0.895849=5.580251) / 
/ V1[1048575]+V2[1048575]=V3[1048575](3.257478+2.243361=5.500839) /
Tiempo(seg.):0.009095684	 / Tamaño Vectores:2097152	
/ V1[0]+V2[0]=V3[0](4.684402+0.895849=5.580251) / 
/ V1[2097151]+V2[2097151]=V3[2097151](1.979320+5.453650=7.432970) /
Tiempo(seg.):0.017153786	 / Tamaño Vectores:4194304	
/ V1[0]+V2[0]=V3[0](4.684402+0.895849=5.580251) / 
/ V1[4194303]+V2[4194303]=V3[4194303](1.565252+0.128035=1.693287) /
Tiempo(seg.):0.034128605	 / Tamaño Vectores:8388608	
/ V1[0]+V2[0]=V3[0](74.539056+0.922324=75.461380) / 
/ V1[8388607]+V2[8388607]=V3[8388607](0.152298+0.799823=0.952121) /
Tiempo(seg.):0.068485746	 / Tamaño Vectores:16777216	
/ V1[0]+V2[0]=V3[0](74.539056+0.922324=75.461380) / 
/ V1[16777215]+V2[16777215]=V3[16777215](3.268714+0.976325=4.245039) /
Tiempo(seg.):0.132941431	 / Tamaño Vectores:33554432	
/ V1[0]+V2[0]=V3[0](0.276444+0.381608=0.658053) / 
/ V1[33554431]+V2[33554431]=V3[33554431](1.212852+2.315396=3.528248) /
Tiempo(seg.):0.133383684	 / Tamaño Vectores:33554432	
/ V1[0]+V2[0]=V3[0](3.465356+1.726941=5.192297) / 
/ V1[33554431]+V2[33554431]=V3[33554431](4.445525+1.012931=5.458456) /
